[2025-11-09 13:02:52] Booting CLI User Manager...
Please create a user and log in.
> 
[2025-11-09 13:03:03] 
[2025-11-09 13:03:03] Available commands: create user, login
[2025-11-09 13:03:03] 
> 
[2025-11-09 13:03:07] 
[2025-11-09 13:03:07] Available commands: create user, login
[2025-11-09 13:03:07] 
> 
[2025-11-09 13:03:15] 
[2025-11-09 13:03:15] Available commands: create user, login
[2025-11-09 13:03:15] 
> 
[2025-11-09 13:03:20] 
[2025-11-09 13:03:27] User already exists.
[2025-11-09 13:03:27] 
> 
[2025-11-09 13:03:34] 
[2025-11-09 13:03:34] Available commands: create user, login
[2025-11-09 13:03:34] 
> 
[2025-11-09 13:03:37] 
[2025-11-09 13:03:44] Login successful.
[2025-11-09 13:03:44] Welcome, pazzo
[2025-11-09 13:03:44] 
> 
[2025-11-09 13:03:52] 
[2025-11-09 13:03:52] Unknown command.
Try: create user, login, delete user, list users, switch user, logout, exit
[2025-11-09 13:03:52] 
> 
[2025-11-09 13:10:03] Booting CLI User Manager...
Please create a user and log in.
> 
[2025-11-09 13:10:08] 
[2025-11-09 13:10:15] Login successful.
[2025-11-09 13:10:15] Welcome, pazzo
[2025-11-09 13:10:15] 
> 
[2025-11-09 13:10:18] 
[2025-11-09 13:10:18] Status:
[2025-11-09 13:10:18] - Active user: pazzo
[2025-11-09 13:10:18] 
> 
[2025-11-09 13:10:32] 
[2025-11-09 13:10:32] Memory:
[2025-11-09 13:10:32] - Used: 36.10 MB
[2025-11-09 13:10:32] - Free: 217.90 MB
[2025-11-09 13:10:32] - Total: 254.00 MB
[2025-11-09 13:10:32] - Max: 3.93 GB
[2025-11-09 13:10:32] 
> 
[2025-11-09 13:10:56] 
[2025-11-09 13:10:56] Log: showing last 50 lines
[2025-11-09 13:10:56] [2025-11-09 13:03:03] 
[2025-11-09 13:10:56] > 
[2025-11-09 13:10:56] [2025-11-09 13:03:07] 
[2025-11-09 13:10:56] [2025-11-09 13:03:07] Available commands: create user, login
[2025-11-09 13:10:56] [2025-11-09 13:03:07] 
[2025-11-09 13:10:56] > 
[2025-11-09 13:10:56] [2025-11-09 13:03:15] 
[2025-11-09 13:10:56] [2025-11-09 13:03:15] Available commands: create user, login
[2025-11-09 13:10:56] [2025-11-09 13:03:15] 
[2025-11-09 13:10:56] > 
[2025-11-09 13:10:56] [2025-11-09 13:03:20] 
[2025-11-09 13:10:56] [2025-11-09 13:03:27] User already exists.
[2025-11-09 13:10:56] [2025-11-09 13:03:27] 
[2025-11-09 13:10:56] > 
[2025-11-09 13:10:56] [2025-11-09 13:03:34] 
[2025-11-09 13:10:56] [2025-11-09 13:03:34] Available commands: create user, login
[2025-11-09 13:10:56] [2025-11-09 13:03:34] 
[2025-11-09 13:10:56] > 
[2025-11-09 13:10:56] [2025-11-09 13:03:37] 
[2025-11-09 13:10:56] [2025-11-09 13:03:44] Login successful.
[2025-11-09 13:10:56] [2025-11-09 13:03:44] Welcome, pazzo
[2025-11-09 13:10:56] [2025-11-09 13:03:44] 
[2025-11-09 13:10:56] > 
[2025-11-09 13:10:56] [2025-11-09 13:03:52] 
[2025-11-09 13:10:56] [2025-11-09 13:03:52] Unknown command.
[2025-11-09 13:10:56] Try: create user, login, delete user, list users, switch user, logout, exit
[2025-11-09 13:10:56] [2025-11-09 13:03:52] 
[2025-11-09 13:10:56] > 
[2025-11-09 13:10:56] [2025-11-09 13:10:03] Booting CLI User Manager...
[2025-11-09 13:10:56] Please create a user and log in.
[2025-11-09 13:10:56] > 
[2025-11-09 13:10:56] [2025-11-09 13:10:08] 
[2025-11-09 13:10:56] [2025-11-09 13:10:15] Login successful.
[2025-11-09 13:10:56] [2025-11-09 13:10:15] Welcome, pazzo
[2025-11-09 13:10:56] [2025-11-09 13:10:15] 
[2025-11-09 13:10:56] > 
[2025-11-09 13:10:56] [2025-11-09 13:10:18] 
[2025-11-09 13:10:56] [2025-11-09 13:10:18] Status:
[2025-11-09 13:10:56] [2025-11-09 13:10:18] - Active user: pazzo
[2025-11-09 13:10:56] [2025-11-09 13:10:18] 
[2025-11-09 13:10:56] > 
[2025-11-09 13:10:56] [2025-11-09 13:10:32] 
[2025-11-09 13:10:56] [2025-11-09 13:10:32] Memory:
[2025-11-09 13:10:56] [2025-11-09 13:10:32] - Used: 36.10 MB
[2025-11-09 13:10:56] [2025-11-09 13:10:32] - Free: 217.90 MB
[2025-11-09 13:10:56] [2025-11-09 13:10:32] - Total: 254.00 MB
[2025-11-09 13:10:56] [2025-11-09 13:10:32] - Max: 3.93 GB
[2025-11-09 13:10:56] [2025-11-09 13:10:32] 
[2025-11-09 13:10:56] > 
[2025-11-09 13:10:56] [2025-11-09 13:10:56] 
[2025-11-09 13:10:56] 
> 
[2025-11-09 13:11:04] 
[2025-11-09 13:11:04] History (most recent last):
[2025-11-09 13:11:04] 1. login
[2025-11-09 13:11:04] 2. status
[2025-11-09 13:11:04] 3. memory
[2025-11-09 13:11:04] 4. log
[2025-11-09 13:11:04] 5. history
[2025-11-09 13:11:04] 
> 
[2025-11-09 13:12:50] 
[2025-11-09 13:12:50] Status:
[2025-11-09 13:12:50] - Active user: pazzo
[2025-11-09 13:12:50] 
> 
[2025-11-09 13:12:58] 
[2025-11-09 13:12:58] Memory:
[2025-11-09 13:12:58] - Used: 42.10 MB
[2025-11-09 13:12:58] - Free: 211.90 MB
[2025-11-09 13:12:58] - Total: 254.00 MB
[2025-11-09 13:12:58] - Max: 3.93 GB
[2025-11-09 13:12:58] 
> 
[2025-11-09 13:13:04] 
[2025-11-09 13:13:04] Log: showing last 50 lines
[2025-11-09 13:13:04] [2025-11-09 13:10:56] Try: create user, login, delete user, list users, switch user, logout, exit
[2025-11-09 13:13:04] [2025-11-09 13:10:56] [2025-11-09 13:03:52] 
[2025-11-09 13:13:04] [2025-11-09 13:10:56] > 
[2025-11-09 13:13:04] [2025-11-09 13:10:56] [2025-11-09 13:10:03] Booting CLI User Manager...
[2025-11-09 13:13:04] [2025-11-09 13:10:56] Please create a user and log in.
[2025-11-09 13:13:04] [2025-11-09 13:10:56] > 
[2025-11-09 13:13:04] [2025-11-09 13:10:56] [2025-11-09 13:10:08] 
[2025-11-09 13:13:04] [2025-11-09 13:10:56] [2025-11-09 13:10:15] Login successful.
[2025-11-09 13:13:04] [2025-11-09 13:10:56] [2025-11-09 13:10:15] Welcome, pazzo
[2025-11-09 13:13:04] [2025-11-09 13:10:56] [2025-11-09 13:10:15] 
[2025-11-09 13:13:04] [2025-11-09 13:10:56] > 
[2025-11-09 13:13:04] [2025-11-09 13:10:56] [2025-11-09 13:10:18] 
[2025-11-09 13:13:04] [2025-11-09 13:10:56] [2025-11-09 13:10:18] Status:
[2025-11-09 13:13:04] [2025-11-09 13:10:56] [2025-11-09 13:10:18] - Active user: pazzo
[2025-11-09 13:13:04] [2025-11-09 13:10:56] [2025-11-09 13:10:18] 
[2025-11-09 13:13:04] [2025-11-09 13:10:56] > 
[2025-11-09 13:13:04] [2025-11-09 13:10:56] [2025-11-09 13:10:32] 
[2025-11-09 13:13:04] [2025-11-09 13:10:56] [2025-11-09 13:10:32] Memory:
[2025-11-09 13:13:04] [2025-11-09 13:10:56] [2025-11-09 13:10:32] - Used: 36.10 MB
[2025-11-09 13:13:04] [2025-11-09 13:10:56] [2025-11-09 13:10:32] - Free: 217.90 MB
[2025-11-09 13:13:04] [2025-11-09 13:10:56] [2025-11-09 13:10:32] - Total: 254.00 MB
[2025-11-09 13:13:04] [2025-11-09 13:10:56] [2025-11-09 13:10:32] - Max: 3.93 GB
[2025-11-09 13:13:04] [2025-11-09 13:10:56] [2025-11-09 13:10:32] 
[2025-11-09 13:13:04] [2025-11-09 13:10:56] > 
[2025-11-09 13:13:04] [2025-11-09 13:10:56] [2025-11-09 13:10:56] 
[2025-11-09 13:13:04] [2025-11-09 13:10:56] 
[2025-11-09 13:13:04] > 
[2025-11-09 13:13:04] [2025-11-09 13:11:04] 
[2025-11-09 13:13:04] [2025-11-09 13:11:04] History (most recent last):
[2025-11-09 13:13:04] [2025-11-09 13:11:04] 1. login
[2025-11-09 13:13:04] [2025-11-09 13:11:04] 2. status
[2025-11-09 13:13:04] [2025-11-09 13:11:04] 3. memory
[2025-11-09 13:13:04] [2025-11-09 13:11:04] 4. log
[2025-11-09 13:13:04] [2025-11-09 13:11:04] 5. history
[2025-11-09 13:13:04] [2025-11-09 13:11:04] 
[2025-11-09 13:13:04] > 
[2025-11-09 13:13:04] [2025-11-09 13:12:50] 
[2025-11-09 13:13:04] [2025-11-09 13:12:50] Status:
[2025-11-09 13:13:04] [2025-11-09 13:12:50] - Active user: pazzo
[2025-11-09 13:13:04] [2025-11-09 13:12:50] 
[2025-11-09 13:13:04] > 
[2025-11-09 13:13:04] [2025-11-09 13:12:58] 
[2025-11-09 13:13:04] [2025-11-09 13:12:58] Memory:
[2025-11-09 13:13:04] [2025-11-09 13:12:58] - Used: 42.10 MB
[2025-11-09 13:13:04] [2025-11-09 13:12:58] - Free: 211.90 MB
[2025-11-09 13:13:04] [2025-11-09 13:12:58] - Total: 254.00 MB
[2025-11-09 13:13:04] [2025-11-09 13:12:58] - Max: 3.93 GB
[2025-11-09 13:13:04] [2025-11-09 13:12:58] 
[2025-11-09 13:13:04] > 
[2025-11-09 13:13:04] [2025-11-09 13:13:04] 
[2025-11-09 13:13:04] 
> 
[2025-11-09 13:13:15] 
[2025-11-09 13:13:15] Memory:
[2025-11-09 13:13:15] - Used: 45.06 MB
[2025-11-09 13:13:15] - Free: 208.94 MB
[2025-11-09 13:13:15] - Total: 254.00 MB
[2025-11-09 13:13:15] - Max: 3.93 GB
[2025-11-09 13:13:15] 
> 
[2025-11-09 13:13:20] 
[2025-11-09 13:13:20] Status:
[2025-11-09 13:13:20] - Active user: pazzo
[2025-11-09 13:13:20] 
> 
[2025-11-09 13:17:36] 
[2025-11-09 13:17:36] Status:
[2025-11-09 13:17:36] - Active user: pazzo
[2025-11-09 13:17:36] 
> 
[2025-11-09 13:19:38] Booting CLI User Manager...
Please create a user and log in.
> 
[2025-11-09 13:19:43] 
[2025-11-09 13:19:49] Login successful.
[2025-11-09 13:19:49] Welcome, pazzo
[2025-11-09 13:19:49] 
> 
[2025-11-09 13:19:52] 
[2025-11-09 13:19:52] Log: showing last 50 lines
[2025-11-09 13:19:52] [2025-11-09 13:13:04] [2025-11-09 13:11:04] 1. login
[2025-11-09 13:19:52] [2025-11-09 13:13:04] [2025-11-09 13:11:04] 2. status
[2025-11-09 13:19:52] [2025-11-09 13:13:04] [2025-11-09 13:11:04] 3. memory
[2025-11-09 13:19:52] [2025-11-09 13:13:04] [2025-11-09 13:11:04] 4. log
[2025-11-09 13:19:52] [2025-11-09 13:13:04] [2025-11-09 13:11:04] 5. history
[2025-11-09 13:19:52] [2025-11-09 13:13:04] [2025-11-09 13:11:04] 
[2025-11-09 13:19:52] [2025-11-09 13:13:04] > 
[2025-11-09 13:19:52] [2025-11-09 13:13:04] [2025-11-09 13:12:50] 
[2025-11-09 13:19:52] [2025-11-09 13:13:04] [2025-11-09 13:12:50] Status:
[2025-11-09 13:19:52] [2025-11-09 13:13:04] [2025-11-09 13:12:50] - Active user: pazzo
[2025-11-09 13:19:53] [2025-11-09 13:13:04] [2025-11-09 13:12:50] 
[2025-11-09 13:19:53] [2025-11-09 13:13:04] > 
[2025-11-09 13:19:53] [2025-11-09 13:13:04] [2025-11-09 13:12:58] 
[2025-11-09 13:19:53] [2025-11-09 13:13:04] [2025-11-09 13:12:58] Memory:
[2025-11-09 13:19:53] [2025-11-09 13:13:04] [2025-11-09 13:12:58] - Used: 42.10 MB
[2025-11-09 13:19:53] [2025-11-09 13:13:04] [2025-11-09 13:12:58] - Free: 211.90 MB
[2025-11-09 13:19:53] [2025-11-09 13:13:04] [2025-11-09 13:12:58] - Total: 254.00 MB
[2025-11-09 13:19:53] [2025-11-09 13:13:04] [2025-11-09 13:12:58] - Max: 3.93 GB
[2025-11-09 13:19:53] [2025-11-09 13:13:04] [2025-11-09 13:12:58] 
[2025-11-09 13:19:53] [2025-11-09 13:13:04] > 
[2025-11-09 13:19:53] [2025-11-09 13:13:04] [2025-11-09 13:13:04] 
[2025-11-09 13:19:53] [2025-11-09 13:13:04] 
[2025-11-09 13:19:53] > 
[2025-11-09 13:19:53] [2025-11-09 13:13:15] 
[2025-11-09 13:19:53] [2025-11-09 13:13:15] Memory:
[2025-11-09 13:19:53] [2025-11-09 13:13:15] - Used: 45.06 MB
[2025-11-09 13:19:53] [2025-11-09 13:13:15] - Free: 208.94 MB
[2025-11-09 13:19:53] [2025-11-09 13:13:15] - Total: 254.00 MB
[2025-11-09 13:19:53] [2025-11-09 13:13:15] - Max: 3.93 GB
[2025-11-09 13:19:53] [2025-11-09 13:13:15] 
[2025-11-09 13:19:53] > 
[2025-11-09 13:19:53] [2025-11-09 13:13:20] 
[2025-11-09 13:19:53] [2025-11-09 13:13:20] Status:
[2025-11-09 13:19:53] [2025-11-09 13:13:20] - Active user: pazzo
[2025-11-09 13:19:53] [2025-11-09 13:13:20] 
[2025-11-09 13:19:53] > 
[2025-11-09 13:19:53] [2025-11-09 13:17:36] 
[2025-11-09 13:19:53] [2025-11-09 13:17:36] Status:
[2025-11-09 13:19:53] [2025-11-09 13:17:36] - Active user: pazzo
[2025-11-09 13:19:53] [2025-11-09 13:17:36] 
[2025-11-09 13:19:53] > 
[2025-11-09 13:19:53] [2025-11-09 13:19:38] Booting CLI User Manager...
[2025-11-09 13:19:53] Please create a user and log in.
[2025-11-09 13:19:53] > 
[2025-11-09 13:19:53] [2025-11-09 13:19:43] 
[2025-11-09 13:19:53] [2025-11-09 13:19:49] Login successful.
[2025-11-09 13:19:53] [2025-11-09 13:19:49] Welcome, pazzo
[2025-11-09 13:19:53] [2025-11-09 13:19:49] 
[2025-11-09 13:19:53] > 
[2025-11-09 13:19:53] [2025-11-09 13:19:52] 
[2025-11-09 13:19:53] 
> 
[2025-11-09 13:19:58] 
[2025-11-09 13:19:58] Status:
[2025-11-09 13:19:58] - Active user: pazzo
[2025-11-09 13:19:58] 
> 
[2025-11-09 13:20:04] 
[2025-11-09 13:20:04] History (most recent last):
[2025-11-09 13:20:04] 1. login
[2025-11-09 13:20:04] 2. log
[2025-11-09 13:20:04] 3. status
[2025-11-09 13:20:04] 4. history
[2025-11-09 13:20:04] 
> 
[2025-11-09 13:20:11] 
[2025-11-09 13:20:11] Memory:
[2025-11-09 13:20:11] - Used: 38.10 MB
[2025-11-09 13:20:11] - Free: 215.90 MB
[2025-11-09 13:20:11] - Total: 254.00 MB
[2025-11-09 13:20:11] - Max: 3.93 GB
[2025-11-09 13:20:11] 
> 
[2025-11-09 13:21:25] 
[2025-11-09 13:21:25] History (most recent last):
[2025-11-09 13:21:25] 1. login
[2025-11-09 13:21:25] 2. log
[2025-11-09 13:21:25] 3. status
[2025-11-09 13:21:25] 4. history
[2025-11-09 13:21:25] 5. memory
[2025-11-09 13:21:25] 6. history
[2025-11-09 13:21:25] 
> 
[2025-11-09 13:21:46] 
[2025-11-09 13:21:46] Log: showing last 50 lines
[2025-11-09 13:21:46] [2025-11-09 13:19:53] [2025-11-09 13:13:20] 
[2025-11-09 13:21:46] [2025-11-09 13:19:53] > 
[2025-11-09 13:21:46] [2025-11-09 13:19:53] [2025-11-09 13:17:36] 
[2025-11-09 13:21:46] [2025-11-09 13:19:53] [2025-11-09 13:17:36] Status:
[2025-11-09 13:21:46] [2025-11-09 13:19:53] [2025-11-09 13:17:36] - Active user: pazzo
[2025-11-09 13:21:46] [2025-11-09 13:19:53] [2025-11-09 13:17:36] 
[2025-11-09 13:21:46] [2025-11-09 13:19:53] > 
[2025-11-09 13:21:46] [2025-11-09 13:19:53] [2025-11-09 13:19:38] Booting CLI User Manager...
[2025-11-09 13:21:46] [2025-11-09 13:19:53] Please create a user and log in.
[2025-11-09 13:21:46] [2025-11-09 13:19:53] > 
[2025-11-09 13:21:46] [2025-11-09 13:19:53] [2025-11-09 13:19:43] 
[2025-11-09 13:21:46] [2025-11-09 13:19:53] [2025-11-09 13:19:49] Login successful.
[2025-11-09 13:21:46] [2025-11-09 13:19:53] [2025-11-09 13:19:49] Welcome, pazzo
[2025-11-09 13:21:46] [2025-11-09 13:19:53] [2025-11-09 13:19:49] 
[2025-11-09 13:21:46] [2025-11-09 13:19:53] > 
[2025-11-09 13:21:46] [2025-11-09 13:19:53] [2025-11-09 13:19:52] 
[2025-11-09 13:21:46] [2025-11-09 13:19:53] 
[2025-11-09 13:21:46] > 
[2025-11-09 13:21:46] [2025-11-09 13:19:58] 
[2025-11-09 13:21:46] [2025-11-09 13:19:58] Status:
[2025-11-09 13:21:46] [2025-11-09 13:19:58] - Active user: pazzo
[2025-11-09 13:21:46] [2025-11-09 13:19:58] 
[2025-11-09 13:21:46] > 
[2025-11-09 13:21:46] [2025-11-09 13:20:04] 
[2025-11-09 13:21:46] [2025-11-09 13:20:04] History (most recent last):
[2025-11-09 13:21:46] [2025-11-09 13:20:04] 1. login
[2025-11-09 13:21:46] [2025-11-09 13:20:04] 2. log
[2025-11-09 13:21:46] [2025-11-09 13:20:04] 3. status
[2025-11-09 13:21:46] [2025-11-09 13:20:04] 4. history
[2025-11-09 13:21:46] [2025-11-09 13:20:04] 
[2025-11-09 13:21:46] > 
[2025-11-09 13:21:46] [2025-11-09 13:20:11] 
[2025-11-09 13:21:46] [2025-11-09 13:20:11] Memory:
[2025-11-09 13:21:46] [2025-11-09 13:20:11] - Used: 38.10 MB
[2025-11-09 13:21:46] [2025-11-09 13:20:11] - Free: 215.90 MB
[2025-11-09 13:21:46] [2025-11-09 13:20:11] - Total: 254.00 MB
[2025-11-09 13:21:46] [2025-11-09 13:20:11] - Max: 3.93 GB
[2025-11-09 13:21:46] [2025-11-09 13:20:11] 
[2025-11-09 13:21:46] > 
[2025-11-09 13:21:46] [2025-11-09 13:21:25] 
[2025-11-09 13:21:46] [2025-11-09 13:21:25] History (most recent last):
[2025-11-09 13:21:46] [2025-11-09 13:21:25] 1. login
[2025-11-09 13:21:46] [2025-11-09 13:21:25] 2. log
[2025-11-09 13:21:46] [2025-11-09 13:21:25] 3. status
[2025-11-09 13:21:46] [2025-11-09 13:21:25] 4. history
[2025-11-09 13:21:46] [2025-11-09 13:21:25] 5. memory
[2025-11-09 13:21:46] [2025-11-09 13:21:25] 6. history
[2025-11-09 13:21:46] [2025-11-09 13:21:25] 
[2025-11-09 13:21:46] > 
[2025-11-09 13:21:46] [2025-11-09 13:21:46] 
[2025-11-09 13:21:46] 
> 
[2025-11-09 13:22:22] 
[2025-11-09 13:22:22] Status:
[2025-11-09 13:22:22] - Active user: pazzo
[2025-11-09 13:22:22] 
> 
[2025-11-09 13:23:22] 
[2025-11-09 13:23:22] Memory:
[2025-11-09 13:23:22] - Used: 51.10 MB
[2025-11-09 13:23:22] - Free: 202.90 MB
[2025-11-09 13:23:22] - Total: 254.00 MB
[2025-11-09 13:23:22] - Max: 3.93 GB
[2025-11-09 13:23:22] 
> 
[2025-11-09 13:23:27] 
[2025-11-09 13:23:27] Log: showing last 50 lines
[2025-11-09 13:23:27] [2025-11-09 13:21:46] [2025-11-09 13:19:53] 
[2025-11-09 13:23:27] [2025-11-09 13:21:46] > 
[2025-11-09 13:23:27] [2025-11-09 13:21:46] [2025-11-09 13:19:58] 
[2025-11-09 13:23:27] [2025-11-09 13:21:46] [2025-11-09 13:19:58] Status:
[2025-11-09 13:23:27] [2025-11-09 13:21:46] [2025-11-09 13:19:58] - Active user: pazzo
[2025-11-09 13:23:27] [2025-11-09 13:21:46] [2025-11-09 13:19:58] 
[2025-11-09 13:23:27] [2025-11-09 13:21:46] > 
[2025-11-09 13:23:27] [2025-11-09 13:21:46] [2025-11-09 13:20:04] 
[2025-11-09 13:23:27] [2025-11-09 13:21:46] [2025-11-09 13:20:04] History (most recent last):
[2025-11-09 13:23:27] [2025-11-09 13:21:46] [2025-11-09 13:20:04] 1. login
[2025-11-09 13:23:27] [2025-11-09 13:21:46] [2025-11-09 13:20:04] 2. log
[2025-11-09 13:23:27] [2025-11-09 13:21:46] [2025-11-09 13:20:04] 3. status
[2025-11-09 13:23:27] [2025-11-09 13:21:46] [2025-11-09 13:20:04] 4. history
[2025-11-09 13:23:27] [2025-11-09 13:21:46] [2025-11-09 13:20:04] 
[2025-11-09 13:23:27] [2025-11-09 13:21:46] > 
[2025-11-09 13:23:27] [2025-11-09 13:21:46] [2025-11-09 13:20:11] 
[2025-11-09 13:23:27] [2025-11-09 13:21:46] [2025-11-09 13:20:11] Memory:
[2025-11-09 13:23:27] [2025-11-09 13:21:46] [2025-11-09 13:20:11] - Used: 38.10 MB
[2025-11-09 13:23:27] [2025-11-09 13:21:46] [2025-11-09 13:20:11] - Free: 215.90 MB
[2025-11-09 13:23:27] [2025-11-09 13:21:46] [2025-11-09 13:20:11] - Total: 254.00 MB
[2025-11-09 13:23:27] [2025-11-09 13:21:46] [2025-11-09 13:20:11] - Max: 3.93 GB
[2025-11-09 13:23:27] [2025-11-09 13:21:46] [2025-11-09 13:20:11] 
[2025-11-09 13:23:27] [2025-11-09 13:21:46] > 
[2025-11-09 13:23:27] [2025-11-09 13:21:46] [2025-11-09 13:21:25] 
[2025-11-09 13:23:27] [2025-11-09 13:21:46] [2025-11-09 13:21:25] History (most recent last):
[2025-11-09 13:23:27] [2025-11-09 13:21:46] [2025-11-09 13:21:25] 1. login
[2025-11-09 13:23:27] [2025-11-09 13:21:46] [2025-11-09 13:21:25] 2. log
[2025-11-09 13:23:27] [2025-11-09 13:21:46] [2025-11-09 13:21:25] 3. status
[2025-11-09 13:23:27] [2025-11-09 13:21:46] [2025-11-09 13:21:25] 4. history
[2025-11-09 13:23:27] [2025-11-09 13:21:46] [2025-11-09 13:21:25] 5. memory
[2025-11-09 13:23:27] [2025-11-09 13:21:46] [2025-11-09 13:21:25] 6. history
[2025-11-09 13:23:27] [2025-11-09 13:21:46] [2025-11-09 13:21:25] 
[2025-11-09 13:23:27] [2025-11-09 13:21:46] > 
[2025-11-09 13:23:27] [2025-11-09 13:21:46] [2025-11-09 13:21:46] 
[2025-11-09 13:23:27] [2025-11-09 13:21:46] 
[2025-11-09 13:23:27] > 
[2025-11-09 13:23:27] [2025-11-09 13:22:22] 
[2025-11-09 13:23:27] [2025-11-09 13:22:22] Status:
[2025-11-09 13:23:27] [2025-11-09 13:22:22] - Active user: pazzo
[2025-11-09 13:23:27] [2025-11-09 13:22:22] 
[2025-11-09 13:23:27] > 
[2025-11-09 13:23:27] [2025-11-09 13:23:22] 
[2025-11-09 13:23:27] [2025-11-09 13:23:22] Memory:
[2025-11-09 13:23:27] [2025-11-09 13:23:22] - Used: 51.10 MB
[2025-11-09 13:23:27] [2025-11-09 13:23:22] - Free: 202.90 MB
[2025-11-09 13:23:27] [2025-11-09 13:23:22] - Total: 254.00 MB
[2025-11-09 13:23:27] [2025-11-09 13:23:22] - Max: 3.93 GB
[2025-11-09 13:23:27] [2025-11-09 13:23:22] 
[2025-11-09 13:23:27] > 
[2025-11-09 13:23:27] [2025-11-09 13:23:27] 
[2025-11-09 13:23:27] 
> 
[2025-11-09 14:58:20] Booting CLI User Manager...
Please create a user and log in.
> 
[2025-11-09 14:58:23] 
[2025-11-09 14:58:31] User not found.
[2025-11-09 14:58:31] 
> 
[2025-11-09 14:58:37] 
[2025-11-09 14:58:42] User creation failed.
[2025-11-09 14:58:42] 
> 
[2025-11-09 14:58:57] 
[2025-11-09 14:59:00] User creation canceled.
[2025-11-09 14:59:00] 
> 
[2025-11-09 14:59:02] 
[2025-11-09 14:59:09] User not found.
[2025-11-09 14:59:09] 
> 
[2025-11-09 14:59:14] 
[2025-11-09 14:59:20] User creation failed.
[2025-11-09 14:59:20] 
> 
[2025-11-09 15:00:08] Booting CLI User Manager...
Please create a user and log in.
> 
[2025-11-09 15:00:48] Booting CLI User Manager...
Please create a user and log in.
> 
[2025-11-09 15:00:52] 
[2025-11-09 15:00:59] Incorrect password.
[2025-11-09 15:00:59] 
> 
[2025-11-09 15:01:03] 
[2025-11-09 15:01:09] Login successful.
[2025-11-09 15:01:09] Welcome, pazzo
[2025-11-09 15:01:09] 
> 
[2025-11-09 15:01:12] 
[2025-11-09 15:01:12] Log: showing last 50 lines
[2025-11-09 15:01:12] [2025-11-09 13:23:27] [2025-11-09 13:23:22] 
[2025-11-09 15:01:12] [2025-11-09 13:23:27] [2025-11-09 13:23:22] Memory:
[2025-11-09 15:01:12] [2025-11-09 13:23:27] [2025-11-09 13:23:22] - Used: 51.10 MB
[2025-11-09 15:01:12] [2025-11-09 13:23:27] [2025-11-09 13:23:22] - Free: 202.90 MB
[2025-11-09 15:01:12] [2025-11-09 13:23:27] [2025-11-09 13:23:22] - Total: 254.00 MB
[2025-11-09 15:01:12] [2025-11-09 13:23:27] [2025-11-09 13:23:22] - Max: 3.93 GB
[2025-11-09 15:01:12] [2025-11-09 13:23:27] [2025-11-09 13:23:22] 
[2025-11-09 15:01:12] [2025-11-09 13:23:27] > 
[2025-11-09 15:01:12] [2025-11-09 13:23:27] [2025-11-09 13:23:27] 
[2025-11-09 15:01:12] [2025-11-09 13:23:27] 
[2025-11-09 15:01:12] > 
[2025-11-09 15:01:12] [2025-11-09 14:58:20] Booting CLI User Manager...
[2025-11-09 15:01:12] Please create a user and log in.
[2025-11-09 15:01:12] > 
[2025-11-09 15:01:12] [2025-11-09 14:58:23] 
[2025-11-09 15:01:12] [2025-11-09 14:58:31] User not found.
[2025-11-09 15:01:12] [2025-11-09 14:58:31] 
[2025-11-09 15:01:12] > 
[2025-11-09 15:01:12] [2025-11-09 14:58:37] 
[2025-11-09 15:01:12] [2025-11-09 14:58:42] User creation failed.
[2025-11-09 15:01:12] [2025-11-09 14:58:42] 
[2025-11-09 15:01:12] > 
[2025-11-09 15:01:12] [2025-11-09 14:58:57] 
[2025-11-09 15:01:12] [2025-11-09 14:59:00] User creation canceled.
[2025-11-09 15:01:12] [2025-11-09 14:59:00] 
[2025-11-09 15:01:12] > 
[2025-11-09 15:01:12] [2025-11-09 14:59:02] 
[2025-11-09 15:01:12] [2025-11-09 14:59:09] User not found.
[2025-11-09 15:01:12] [2025-11-09 14:59:09] 
[2025-11-09 15:01:12] > 
[2025-11-09 15:01:12] [2025-11-09 14:59:14] 
[2025-11-09 15:01:12] [2025-11-09 14:59:20] User creation failed.
[2025-11-09 15:01:12] [2025-11-09 14:59:20] 
[2025-11-09 15:01:12] > 
[2025-11-09 15:01:12] [2025-11-09 15:00:08] Booting CLI User Manager...
[2025-11-09 15:01:12] Please create a user and log in.
[2025-11-09 15:01:12] > 
[2025-11-09 15:01:12] [2025-11-09 15:00:48] Booting CLI User Manager...
[2025-11-09 15:01:12] Please create a user and log in.
[2025-11-09 15:01:12] > 
[2025-11-09 15:01:12] [2025-11-09 15:00:52] 
[2025-11-09 15:01:12] [2025-11-09 15:00:59] Incorrect password.
[2025-11-09 15:01:12] [2025-11-09 15:00:59] 
[2025-11-09 15:01:12] > 
[2025-11-09 15:01:12] [2025-11-09 15:01:03] 
[2025-11-09 15:01:12] [2025-11-09 15:01:09] Login successful.
[2025-11-09 15:01:12] [2025-11-09 15:01:09] Welcome, pazzo
[2025-11-09 15:01:12] [2025-11-09 15:01:09] 
[2025-11-09 15:01:12] > 
[2025-11-09 15:01:12] [2025-11-09 15:01:12] 
[2025-11-09 15:01:12] 
> 
[2025-11-09 15:01:16] 
[2025-11-09 15:01:16] Status:
[2025-11-09 15:01:16] - Active user: pazzo
[2025-11-09 15:01:16] 
> 
[2025-11-09 15:01:21] 
[2025-11-09 15:01:21] Memory:
[2025-11-09 15:01:21] - Used: 38.11 MB
[2025-11-09 15:01:21] - Free: 215.89 MB
[2025-11-09 15:01:21] - Total: 254.00 MB
[2025-11-09 15:01:21] - Max: 3.93 GB
[2025-11-09 15:01:21] 
> 
[2025-11-09 15:01:30] 
[2025-11-09 15:01:30] Unknown command.
Try: create user, login, delete user, list users, switch user, logout, exit
[2025-11-09 15:01:30] 
> 
[2025-11-09 15:01:40] 
[2025-11-09 15:01:40] History (most recent last):
[2025-11-09 15:01:40] 1. login
[2025-11-09 15:01:40] 2. login
[2025-11-09 15:01:40] 3. log
[2025-11-09 15:01:40] 4. status
[2025-11-09 15:01:40] 5. memory
[2025-11-09 15:01:40] 6. clear
[2025-11-09 15:01:40] 7. history
[2025-11-09 15:01:40] 
> 
[2025-11-09 15:01:47] 
[2025-11-09 15:01:47] Unknown command.
Try: create user, login, delete user, list users, switch user, logout, exit
[2025-11-09 15:01:47] 
> 
[2025-11-09 15:05:46] Booting CLI User Manager...
Please create a user and log in.
> 
[2025-11-09 15:05:51] 
[2025-11-09 15:05:58] Login successful.
[2025-11-09 15:05:58] Welcome, pazzo
[2025-11-09 15:05:58] 
> 
[2025-11-09 15:06:02] 
[2025-11-09 15:06:02] Current Date: 2025-11-09
[2025-11-09 15:06:02] 
> 
[2025-11-09 15:06:13] 
[2025-11-09 15:06:13] Current Time: 15:06:13
[2025-11-09 15:06:13] 
> 
[2025-11-09 15:06:16] 
[2025-11-09 15:06:16] 
> 
[2025-11-09 15:06:21] 
[2025-11-09 15:06:21] Log: showing last 50 lines
[2025-11-09 15:06:21] > 
[2025-11-09 15:06:21] [2025-11-09 15:01:21] 
[2025-11-09 15:06:21] [2025-11-09 15:01:21] Memory:
[2025-11-09 15:06:21] [2025-11-09 15:01:21] - Used: 38.11 MB
[2025-11-09 15:06:21] [2025-11-09 15:01:21] - Free: 215.89 MB
[2025-11-09 15:06:21] [2025-11-09 15:01:21] - Total: 254.00 MB
[2025-11-09 15:06:21] [2025-11-09 15:01:21] - Max: 3.93 GB
[2025-11-09 15:06:21] [2025-11-09 15:01:21] 
[2025-11-09 15:06:21] > 
[2025-11-09 15:06:21] [2025-11-09 15:01:30] 
[2025-11-09 15:06:21] [2025-11-09 15:01:30] Unknown command.
[2025-11-09 15:06:21] Try: create user, login, delete user, list users, switch user, logout, exit
[2025-11-09 15:06:21] [2025-11-09 15:01:30] 
[2025-11-09 15:06:21] > 
[2025-11-09 15:06:21] [2025-11-09 15:01:40] 
[2025-11-09 15:06:21] [2025-11-09 15:01:40] History (most recent last):
[2025-11-09 15:06:21] [2025-11-09 15:01:40] 1. login
[2025-11-09 15:06:21] [2025-11-09 15:01:40] 2. login
[2025-11-09 15:06:21] [2025-11-09 15:01:40] 3. log
[2025-11-09 15:06:21] [2025-11-09 15:01:40] 4. status
[2025-11-09 15:06:21] [2025-11-09 15:01:40] 5. memory
[2025-11-09 15:06:21] [2025-11-09 15:01:40] 6. clear
[2025-11-09 15:06:21] [2025-11-09 15:01:40] 7. history
[2025-11-09 15:06:21] [2025-11-09 15:01:40] 
[2025-11-09 15:06:21] > 
[2025-11-09 15:06:21] [2025-11-09 15:01:47] 
[2025-11-09 15:06:21] [2025-11-09 15:01:47] Unknown command.
[2025-11-09 15:06:21] Try: create user, login, delete user, list users, switch user, logout, exit
[2025-11-09 15:06:21] [2025-11-09 15:01:47] 
[2025-11-09 15:06:21] > 
[2025-11-09 15:06:21] [2025-11-09 15:05:46] Booting CLI User Manager...
[2025-11-09 15:06:21] Please create a user and log in.
[2025-11-09 15:06:21] > 
[2025-11-09 15:06:21] [2025-11-09 15:05:51] 
[2025-11-09 15:06:21] [2025-11-09 15:05:58] Login successful.
[2025-11-09 15:06:21] [2025-11-09 15:05:58] Welcome, pazzo
[2025-11-09 15:06:21] [2025-11-09 15:05:58] 
[2025-11-09 15:06:21] > 
[2025-11-09 15:06:21] [2025-11-09 15:06:02] 
[2025-11-09 15:06:21] [2025-11-09 15:06:02] Current Date: 2025-11-09
[2025-11-09 15:06:21] [2025-11-09 15:06:02] 
[2025-11-09 15:06:21] > 
[2025-11-09 15:06:21] [2025-11-09 15:06:13] 
[2025-11-09 15:06:21] [2025-11-09 15:06:13] Current Time: 15:06:13
[2025-11-09 15:06:21] [2025-11-09 15:06:13] 
[2025-11-09 15:06:21] > 
[2025-11-09 15:06:21] [2025-11-09 15:06:16] 
[2025-11-09 15:06:21] [2025-11-09 15:06:16] 
[2025-11-09 15:06:21] > 
[2025-11-09 15:06:21] [2025-11-09 15:06:21] 
[2025-11-09 15:06:21] 
> 
[2025-11-09 15:06:23] 
[2025-11-09 15:06:23] Log: showing last 50 lines
[2025-11-09 15:06:23] [2025-11-09 15:06:21] [2025-11-09 15:01:21] - Used: 38.11 MB
[2025-11-09 15:06:23] [2025-11-09 15:06:21] [2025-11-09 15:01:21] - Free: 215.89 MB
[2025-11-09 15:06:23] [2025-11-09 15:06:21] [2025-11-09 15:01:21] - Total: 254.00 MB
[2025-11-09 15:06:23] [2025-11-09 15:06:21] [2025-11-09 15:01:21] - Max: 3.93 GB
[2025-11-09 15:06:23] [2025-11-09 15:06:21] [2025-11-09 15:01:21] 
[2025-11-09 15:06:23] [2025-11-09 15:06:21] > 
[2025-11-09 15:06:23] [2025-11-09 15:06:21] [2025-11-09 15:01:30] 
[2025-11-09 15:06:23] [2025-11-09 15:06:21] [2025-11-09 15:01:30] Unknown command.
[2025-11-09 15:06:23] [2025-11-09 15:06:21] Try: create user, login, delete user, list users, switch user, logout, exit
[2025-11-09 15:06:23] [2025-11-09 15:06:21] [2025-11-09 15:01:30] 
[2025-11-09 15:06:23] [2025-11-09 15:06:21] > 
[2025-11-09 15:06:23] [2025-11-09 15:06:21] [2025-11-09 15:01:40] 
[2025-11-09 15:06:23] [2025-11-09 15:06:21] [2025-11-09 15:01:40] History (most recent last):
[2025-11-09 15:06:23] [2025-11-09 15:06:21] [2025-11-09 15:01:40] 1. login
[2025-11-09 15:06:23] [2025-11-09 15:06:21] [2025-11-09 15:01:40] 2. login
[2025-11-09 15:06:23] [2025-11-09 15:06:21] [2025-11-09 15:01:40] 3. log
[2025-11-09 15:06:23] [2025-11-09 15:06:21] [2025-11-09 15:01:40] 4. status
[2025-11-09 15:06:23] [2025-11-09 15:06:21] [2025-11-09 15:01:40] 5. memory
[2025-11-09 15:06:23] [2025-11-09 15:06:21] [2025-11-09 15:01:40] 6. clear
[2025-11-09 15:06:23] [2025-11-09 15:06:21] [2025-11-09 15:01:40] 7. history
[2025-11-09 15:06:23] [2025-11-09 15:06:21] [2025-11-09 15:01:40] 
[2025-11-09 15:06:23] [2025-11-09 15:06:21] > 
[2025-11-09 15:06:23] [2025-11-09 15:06:21] [2025-11-09 15:01:47] 
[2025-11-09 15:06:23] [2025-11-09 15:06:21] [2025-11-09 15:01:47] Unknown command.
[2025-11-09 15:06:23] [2025-11-09 15:06:21] Try: create user, login, delete user, list users, switch user, logout, exit
[2025-11-09 15:06:23] [2025-11-09 15:06:21] [2025-11-09 15:01:47] 
[2025-11-09 15:06:23] [2025-11-09 15:06:21] > 
[2025-11-09 15:06:23] [2025-11-09 15:06:21] [2025-11-09 15:05:46] Booting CLI User Manager...
[2025-11-09 15:06:23] [2025-11-09 15:06:21] Please create a user and log in.
[2025-11-09 15:06:23] [2025-11-09 15:06:21] > 
[2025-11-09 15:06:23] [2025-11-09 15:06:21] [2025-11-09 15:05:51] 
[2025-11-09 15:06:23] [2025-11-09 15:06:21] [2025-11-09 15:05:58] Login successful.
[2025-11-09 15:06:23] [2025-11-09 15:06:21] [2025-11-09 15:05:58] Welcome, pazzo
[2025-11-09 15:06:23] [2025-11-09 15:06:21] [2025-11-09 15:05:58] 
[2025-11-09 15:06:23] [2025-11-09 15:06:21] > 
[2025-11-09 15:06:23] [2025-11-09 15:06:21] [2025-11-09 15:06:02] 
[2025-11-09 15:06:23] [2025-11-09 15:06:21] [2025-11-09 15:06:02] Current Date: 2025-11-09
[2025-11-09 15:06:23] [2025-11-09 15:06:21] [2025-11-09 15:06:02] 
[2025-11-09 15:06:23] [2025-11-09 15:06:21] > 
[2025-11-09 15:06:23] [2025-11-09 15:06:21] [2025-11-09 15:06:13] 
[2025-11-09 15:06:23] [2025-11-09 15:06:21] [2025-11-09 15:06:13] Current Time: 15:06:13
[2025-11-09 15:06:23] [2025-11-09 15:06:21] [2025-11-09 15:06:13] 
[2025-11-09 15:06:23] [2025-11-09 15:06:21] > 
[2025-11-09 15:06:23] [2025-11-09 15:06:21] [2025-11-09 15:06:16] 
[2025-11-09 15:06:23] [2025-11-09 15:06:21] [2025-11-09 15:06:16] 
[2025-11-09 15:06:23] [2025-11-09 15:06:21] > 
[2025-11-09 15:06:23] [2025-11-09 15:06:21] [2025-11-09 15:06:21] 
[2025-11-09 15:06:23] [2025-11-09 15:06:21] 
[2025-11-09 15:06:23] > 
[2025-11-09 15:06:23] [2025-11-09 15:06:23] 
[2025-11-09 15:06:23] 
> 
[2025-11-09 15:06:28] 
[2025-11-09 15:06:28] Status:
[2025-11-09 15:06:28] - Active user: pazzo
[2025-11-09 15:06:28] 
> 
[2025-11-09 15:06:33] 
[2025-11-09 15:06:33] Memory:
[2025-11-09 15:06:33] - Used: 41.14 MB
[2025-11-09 15:06:33] - Free: 212.86 MB
[2025-11-09 15:06:33] - Total: 254.00 MB
[2025-11-09 15:06:33] - Max: 3.93 GB
[2025-11-09 15:06:33] 
> 
[2025-11-09 15:06:47] 
[2025-11-09 15:06:47] Current Date: 2025-11-09
[2025-11-09 15:06:47] 
> 
[2025-11-09 15:06:50] 
[2025-11-09 15:06:50] Current Time: 15:06:50
[2025-11-09 15:06:50] 
> 
[2025-11-09 15:06:54] 
[2025-11-09 15:06:54] 
> 
[2025-11-09 15:07:49] Booting CLI User Manager...
Please create a user and log in.
> 
[2025-11-09 15:07:53] 
[2025-11-09 15:08:06] Login successful.
[2025-11-09 15:08:06] Welcome, pazzo
[2025-11-09 15:08:06] 
> 
[2025-11-09 15:08:12] 
[2025-11-09 15:08:12] Current Date: 2025-11-09
[2025-11-09 15:08:12] 
> 
[2025-11-09 15:08:17] 
[2025-11-09 15:08:17] Current Time: 15:08:17
[2025-11-09 15:08:17] 
> 
[2025-11-09 15:08:31] 
[2025-11-09 15:08:31] 
> 
[2025-11-09 15:16:05] Booting CLI User Manager...
Please create a user and log in.
> 
[2025-11-09 15:16:08] 
[2025-11-09 15:16:16] Login successful.
[2025-11-09 15:16:16] Welcome, pazzo
[2025-11-09 15:16:16] 
> 
[2025-11-09 15:16:18] 
[2025-11-09 15:16:18] Log: showing last 50 lines
[2025-11-09 15:16:18] [2025-11-09 15:06:28] - Active user: pazzo
[2025-11-09 15:16:18] [2025-11-09 15:06:28] 
[2025-11-09 15:16:18] > 
[2025-11-09 15:16:18] [2025-11-09 15:06:33] 
[2025-11-09 15:16:18] [2025-11-09 15:06:33] Memory:
[2025-11-09 15:16:18] [2025-11-09 15:06:33] - Used: 41.14 MB
[2025-11-09 15:16:18] [2025-11-09 15:06:33] - Free: 212.86 MB
[2025-11-09 15:16:18] [2025-11-09 15:06:33] - Total: 254.00 MB
[2025-11-09 15:16:18] [2025-11-09 15:06:33] - Max: 3.93 GB
[2025-11-09 15:16:18] [2025-11-09 15:06:33] 
[2025-11-09 15:16:18] > 
[2025-11-09 15:16:18] [2025-11-09 15:06:47] 
[2025-11-09 15:16:18] [2025-11-09 15:06:47] Current Date: 2025-11-09
[2025-11-09 15:16:18] [2025-11-09 15:06:47] 
[2025-11-09 15:16:18] > 
[2025-11-09 15:16:18] [2025-11-09 15:06:50] 
[2025-11-09 15:16:18] [2025-11-09 15:06:50] Current Time: 15:06:50
[2025-11-09 15:16:18] [2025-11-09 15:06:50] 
[2025-11-09 15:16:18] > 
[2025-11-09 15:16:18] [2025-11-09 15:06:54] 
[2025-11-09 15:16:18] [2025-11-09 15:06:54] 
[2025-11-09 15:16:18] > 
[2025-11-09 15:16:18] [2025-11-09 15:07:49] Booting CLI User Manager...
[2025-11-09 15:16:18] Please create a user and log in.
[2025-11-09 15:16:18] > 
[2025-11-09 15:16:18] [2025-11-09 15:07:53] 
[2025-11-09 15:16:18] [2025-11-09 15:08:06] Login successful.
[2025-11-09 15:16:18] [2025-11-09 15:08:06] Welcome, pazzo
[2025-11-09 15:16:18] [2025-11-09 15:08:06] 
[2025-11-09 15:16:18] > 
[2025-11-09 15:16:18] [2025-11-09 15:08:12] 
[2025-11-09 15:16:18] [2025-11-09 15:08:12] Current Date: 2025-11-09
[2025-11-09 15:16:18] [2025-11-09 15:08:12] 
[2025-11-09 15:16:18] > 
[2025-11-09 15:16:18] [2025-11-09 15:08:17] 
[2025-11-09 15:16:18] [2025-11-09 15:08:17] Current Time: 15:08:17
[2025-11-09 15:16:18] [2025-11-09 15:08:17] 
[2025-11-09 15:16:18] > 
[2025-11-09 15:16:18] [2025-11-09 15:08:31] 
[2025-11-09 15:16:18] [2025-11-09 15:08:31] 
[2025-11-09 15:16:18] > 
[2025-11-09 15:16:18] [2025-11-09 15:16:05] Booting CLI User Manager...
[2025-11-09 15:16:18] Please create a user and log in.
[2025-11-09 15:16:18] > 
[2025-11-09 15:16:18] [2025-11-09 15:16:08] 
[2025-11-09 15:16:18] [2025-11-09 15:16:16] Login successful.
[2025-11-09 15:16:18] [2025-11-09 15:16:16] Welcome, pazzo
[2025-11-09 15:16:18] [2025-11-09 15:16:16] 
[2025-11-09 15:16:18] > 
[2025-11-09 15:16:18] [2025-11-09 15:16:18] 
[2025-11-09 15:16:18] 
> 
[2025-11-09 15:16:20] 
[2025-11-09 15:16:20] Current Date: 2025-11-09
[2025-11-09 15:16:20] 
> 
