;;; 
Export: Release 21.0.0.0.0 - Production on Sat Oct 11 14:46:18 2025
Version 21.3.0.0.0

Copyright (c) 1982, 2021, Oracle and/or its affiliates.  All rights reserved.
;;; 
Connected to: Oracle Database 21c Enterprise Edition Release 21.0.0.0.0 - Production
Starting "ADMIN"."SYS_EXPORT_SCHEMA_01":  Admin/********@localhost:1521/COMMANDLINE DIRECTORY=exports DUMPFILE=cli_schema.dmp LOGFILE=cli_export.log SCHEMAS=Admin 
Processing object type SCHEMA_EXPORT/TABLE/TABLE_DATA
Processing object type SCHEMA_EXPORT/TABLE/INDEX/STATISTICS/INDEX_STATISTICS
Processing object type SCHEMA_EXPORT/TABLE/STATISTICS/TABLE_STATISTICS
Processing object type SCHEMA_EXPORT/USER
Processing object type SCHEMA_EXPORT/SYSTEM_GRANT
Processing object type SCHEMA_EXPORT/ROLE_GRANT
Processing object type SCHEMA_EXPORT/DEFAULT_ROLE
Processing object type SCHEMA_EXPORT/PRE_SCHEMA/PROCACT_SCHEMA
Processing object type SCHEMA_EXPORT/TABLE/TABLE
Processing object type SCHEMA_EXPORT/TABLE/COMMENT
Processing object type SCHEMA_EXPORT/TABLE/IDENTITY_COLUMN
Processing object type SCHEMA_EXPORT/TABLE/INDEX/INDEX
Processing object type SCHEMA_EXPORT/TABLE/CONSTRAINT/CONSTRAINT
Processing object type SCHEMA_EXPORT/TABLE/CONSTRAINT/REF_CONSTRAINT
. . exported "ADMIN"."COMMAND_ACTIONS"                       0 KB       0 rows
. . exported "ADMIN"."COMMAND_EXECUTION_LOG"                 0 KB       0 rows
. . exported "ADMIN"."COMMAND_MAP"                           0 KB       0 rows
. . exported "ADMIN"."COMMAND_OBJECTS"                       0 KB       0 rows
. . exported "ADMIN"."USERS"                                 0 KB       0 rows
. . exported "ADMIN"."USER_LOGS"                             0 KB       0 rows
Master table "ADMIN"."SYS_EXPORT_SCHEMA_01" successfully loaded/unloaded
******************************************************************************
Dump file set for ADMIN.SYS_EXPORT_SCHEMA_01 is:
  /home/oracle/exports/cli_schema.dmp
Job "ADMIN"."SYS_EXPORT_SCHEMA_01" successfully completed at Sat Oct 11 14:46:55 2025 elapsed 0 00:00:35
